<?xml version="1.0" encoding="UTF-8"?>
<!-- Generated by org.testng.reporters.JUnitReportReporter -->
<testsuite hostname="Sirazhutdins-MacBook-Pro.local" failures="0" tests="3" name="Homework.dataProvider" time="9.500" errors="0" timestamp="2021-01-31T22:47:34 EST" skipped="0">
  <testcase classname="Homework.dataProvider" name="abcdefg" time="3.164"/>
  <system-out>
stepname here : aaa  </system-out>
  <testcase classname="Homework.dataProvider" name="abcdefg" time="3.170"/>
  <system-out>
stepname here : ddd  </system-out>
  <testcase classname="Homework.dataProvider" name="abcdefg" time="3.166"/>
  <system-out>
stepname here : ccc  </system-out>
</testsuite> <!-- Homework.dataProvider -->
