<?xml version="1.0" encoding="UTF-8"?>
<!-- Generated by org.testng.reporters.JUnitReportReporter -->
<testsuite hostname="Sirazhutdins-MacBook-Pro.local" failures="0" tests="3" name="com.psiexams.businessscriptsORtestcases.CreateAnAccount" time="35.604" errors="0" timestamp="2021-01-31T22:05:34 EST" skipped="0">
  <testcase classname="com.psiexams.businessscriptsORtestcases.CreateAnAccount" name="createAnAccountHappyPath" time="11.726"/>
  <system-out>
Entering create an account email ID : bbb@gmail.com Entering create an account first name : Zamir Entering create an account last name : Daytbegov Entering create an account password : Zam@1234 retyping create an account correct password : Zam@1234 Entering create an account security question : Jack clicking on home link  </system-out>
  <testcase classname="com.psiexams.businessscriptsORtestcases.CreateAnAccount" name="createAnAccountHappyPath" time="10.390"/>
  <system-out>
Entering create an account email ID : aaa@gmail.com Entering create an account first name : Siraj Entering create an account last name : Ming Entering create an account password : Test@1234 retyping create an account correct password : Test@1234 Entering create an account security question : Jack clicking on home link  </system-out>
  <testcase classname="com.psiexams.businessscriptsORtestcases.CreateAnAccount" name="createAnAccountHappyPath" time="13.488"/>
  <system-out>
Entering create an account email ID : ccc@gmail.com Entering create an account first name : Renat Entering create an account last name : Naym Entering create an account password : Naym@1234 retyping create an account correct password : Naym@1234 Entering create an account security question : Jack clicking on home link  </system-out>
</testsuite> <!-- com.psiexams.businessscriptsORtestcases.CreateAnAccount -->
