<?xml version="1.0" encoding="UTF-8"?>
<!-- Generated by org.testng.reporters.JUnitReportReporter -->
<testsuite hostname="Sirazhutdins-MacBook-Pro.local" failures="0" tests="2" name="com.psiexams.businessscriptsORtestcases.Test_beforeMethod" time="0.003" errors="0" timestamp="2021-01-31T19:47:45 EST" skipped="0">
  <testcase classname="com.psiexams.businessscriptsORtestcases.Test_beforeMethod" name="abab" time="0.002"/>
  <system-out/>
  <testcase classname="com.psiexams.businessscriptsORtestcases.Test_beforeMethod" name="abababab" time="0.001"/>
  <system-out/>
</testsuite> <!-- com.psiexams.businessscriptsORtestcases.Test_beforeMethod -->
